<?xml version="1.0" encoding="UTF-8"?>
<!-- Generated by org.testng.reporters.JUnitReportReporter -->
<testsuite hostname="Priti" failures="0" tests="2" name="TestRunner.Run" time="28.014" errors="2" timestamp="2024-04-13T21:57:44 IST" skipped="0">
  <testcase classname="TestRunner.Run" name="runScenario" time="11.250">
    <error message="Cannot invoke &quot;org.openqa.selenium.WebDriver.close()&quot; because &quot;this.driver&quot; is null" type="java.lang.NullPointerException">
      <![CDATA[java.lang.NullPointerException: Cannot invoke "org.openqa.selenium.WebDriver.close()" because "this.driver" is null
at StepDefination.CloseStep.close_browser(CloseStep.java:10)
at ✽.close browser(file:///H:/Eclipse%20Data/CucumberFramework/./Features/LoginFeature.feature:12)
]]>
    </error>
  </testcase> <!-- runScenario -->
  <testcase classname="TestRunner.Run" name="runScenario" time="16.764">
    <error message="Cannot invoke &quot;org.openqa.selenium.WebDriver.close()&quot; because &quot;this.driver&quot; is null" type="java.lang.NullPointerException">
      <![CDATA[java.lang.NullPointerException: Cannot invoke "org.openqa.selenium.WebDriver.close()" because "this.driver" is null
at StepDefination.CloseStep.close_browser(CloseStep.java:10)
at ✽.close browser(file:///H:/Eclipse%20Data/CucumberFramework/./Features/Customer.feature:18)
]]>
    </error>
  </testcase> <!-- runScenario -->
</testsuite> <!-- TestRunner.Run -->
